ðŸ¾ Starting...


                          [38;2;0;0;255mâ•¦[39m[38;2;35;0;255m [39m[38;2;70;0;255m [39m[38;2;105;0;255m [39m[38;2;140;0;255mâ•¦[39m[38;2;175;0;255m [39m[38;2;211;0;255mâ•”[39m[38;2;246;0;255mâ•—[39m[38;2;255;0;228mâ•”[39m[38;2;255;0;193m [39m[38;2;255;0;158mâ•¦[39m[38;2;255;0;123m [39m[38;2;255;0;87mâ•¦[39m[38;2;255;0;52m [39m[38;2;255;0;17mâ•”[39m[38;2;255;17;0mâ•[39m[38;2;255;52;0mâ•—[39m[38;2;255;87;0m [39m[38;2;255;123;0m [39m[38;2;255;158;0mâ•¦[39m[38;2;255;193;0m [39m[38;2;255;228;0mâ•¦[39m[38;2;246;255;0m [39m[38;2;211;255;0mâ•”[39m[38;2;175;255;0mâ•¦[39m[38;2;140;255;0mâ•—[39m[38;2;105;255;0m [39m[38;2;70;255;0mâ•”[39m[38;2;35;255;0mâ•¦[39m[38;2;0;255;0mâ•—[39m
                          [38;2;0;0;255mâ•‘[39m[38;2;35;0;255m [39m[38;2;70;0;255m [39m[38;2;105;0;255m [39m[38;2;140;0;255mâ•‘[39m[38;2;175;0;255m [39m[38;2;211;0;255mâ•‘[39m[38;2;246;0;255mâ•‘[39m[38;2;255;0;228mâ•‘[39m[38;2;255;0;193m [39m[38;2;255;0;158mâ•‘[39m[38;2;255;0;123m [39m[38;2;255;0;87mâ•‘[39m[38;2;255;0;52m [39m[38;2;255;0;17mâ•‘[39m[38;2;255;17;0m [39m[38;2;255;52;0m [39m[38;2;255;87;0m [39m[38;2;255;123;0mâ•”[39m[38;2;255;158;0mâ•©[39m[38;2;255;193;0mâ•¦[39m[38;2;255;228;0mâ•[39m[38;2;246;255;0m [39m[38;2;211;255;0mâ•‘[39m[38;2;175;255;0mâ•‘[39m[38;2;140;255;0mâ•‘[39m[38;2;105;255;0m [39m[38;2;70;255;0m [39m[38;2;35;255;0mâ•‘[39m[38;2;0;255;0mâ•‘[39m
                          [38;2;0;0;255mâ•©[39m[38;2;35;0;255mâ•[39m[38;2;70;0;255mâ•[39m[38;2;105;0;255m [39m[38;2;140;0;255mâ•©[39m[38;2;175;0;255m [39m[38;2;211;0;255mâ•[39m[38;2;246;0;255mâ•š[39m[38;2;255;0;228mâ•[39m[38;2;255;0;193m [39m[38;2;255;0;158mâ•š[39m[38;2;255;0;123mâ•[39m[38;2;255;0;87mâ•[39m[38;2;255;0;52m [39m[38;2;255;0;17mâ•š[39m[38;2;255;17;0mâ•[39m[38;2;255;52;0mâ•[39m[38;2;255;87;0m [39m[38;2;255;123;0mâ•©[39m[38;2;255;158;0m [39m[38;2;255;193;0mâ•©[39m[38;2;255;228;0m [39m[38;2;246;255;0m [39m[38;2;211;255;0mâ•©[39m[38;2;175;255;0m [39m[38;2;140;255;0mâ•©[39m[38;2;105;255;0m [39m[38;2;70;255;0mâ•[39m[38;2;35;255;0mâ•©[39m[38;2;0;255;0mâ•[39m




                         [38;2;0;0;255mw[39m[38;2;35;0;255mh[39m[38;2;70;0;255ma[39m[38;2;105;0;255mt[39m[38;2;140;0;255ms[39m[38;2;175;0;255ma[39m[38;2;211;0;255mp[39m[38;2;246;0;255mp[39m[38;2;255;0;228m [39m[38;2;255;0;193mb[39m[38;2;255;0;158mo[39m[38;2;255;0;123mt[39m[38;2;255;0;87m [39m[38;2;255;0;52me[39m[38;2;255;0;17ms[39m[38;2;255;17;0mm[39m[38;2;255;52;0m [39m[38;2;255;87;0mb[39m[38;2;255;123;0my[39m[38;2;255;158;0m [39m[38;2;255;193;0my[39m[38;2;255;228;0mu[39m[38;2;246;255;0ms[39m[38;2;211;255;0mu[39m[38;2;175;255;0mp[39m[38;2;140;255;0mk[39m[38;2;105;255;0ma[39m[38;2;70;255;0mk[39m[38;2;35;255;0mu[39m[38;2;0;255;0mu[39m



LinucxMD
Author: YusupKakuu
WA    : +6283897390164

Terimakasih Telah Memakai Sc Ini!



                      [38;2;255;0;0m/[39m[38;2;255;36;0mu[39m[38;2;255;72;0ms[39m[38;2;255;109;0mr[39m[38;2;255;145;0m/[39m[38;2;255;182;0mb[39m[38;2;255;218;0mi[39m[38;2;255;255;0mn[39m[38;2;218;255;0m/[39m[38;2;182;255;0mn[39m[38;2;145;255;0mo[39m[38;2;109;255;0md[39m[38;2;72;255;0me[39m[38;2;36;255;0m [39m[38;2;0;255;0m/[39m[38;2;0;255;36mr[39m[38;2;0;255;72mo[39m[38;2;0;255;109mo[39m[38;2;0;255;145mt[39m[38;2;0;255;182m/[39m[38;2;0;255;218ml[39m[38;2;0;255;255mi[39m[38;2;0;218;255mn[39m[38;2;0;182;255mu[39m[38;2;0;145;255mc[39m[38;2;0;109;255mx[39m[38;2;0;72;255mm[39m[38;2;0;36;255md[39m[38;2;0;0;255m/[39m[38;2;36;0;255mm[39m[38;2;72;0;255ma[39m[38;2;109;0;255mi[39m[38;2;145;0;255mn[39m[38;2;182;0;255m.[39m[38;2;218;0;255mj[39m[38;2;255;0;255ms[39m


(node:1551) [DEP0040] DeprecationWarning: The `punycode` module is deprecated. Please use a userland alternative instead.
(Use `node --trace-deprecation ...` to show where the warning was created)
(node:1551) Warning: Setting the NODE_TLS_REJECT_UNAUTHORIZED environment variable to '0' makes TLS connections and HTTPS requests insecure by disabling certificate verification.
App listened on port 3000
Status Aktif
âœ… Tersambung
Menunggu Pesan Baru
[
  true,  true,
  true,  true,
  false, true,
  true
]
INFO  [Mon, 26 Feb 2024 04:29:08 GMT]: â˜‘ï¸ Quick Test Done , nama file session ~> creds.json
(node:1551) [node-fetch#buffer] DeprecationWarning: Please use 'response.arrayBuffer()' instead of 'response.buffer()'
[âœ…RECEIVED] uptime
[âœ…RECEIVED] uptime
[âœ…RECEIVED] uptime
[âœ…RECEIVED] uptime
[âœ…RECEIVED] uptime
[âœ…RECEIVED] uptime
[âœ…RECEIVED] uptime
[âœ…RECEIVED] uptime
[âœ…RECEIVED] uptime
[âœ…RECEIVED] uptime
[âœ…RECEIVED] uptime
[âœ…RECEIVED] uptime
[âœ…RECEIVED] uptime
[âœ…RECEIVED] uptime
[âœ…RECEIVED] uptime
[âœ…RECEIVED] uptime
[âœ…RECEIVED] uptime
[âœ…RECEIVED] uptime
[âœ…RECEIVED] uptime
[âœ…RECEIVED] uptime
Error: ENOENT: no such file or directory, unlink '/tmp/audioBAE5A3C15D2F78D7'
    at async Object.unlink (node:internal/fs/promises:1059:10)
    at async /root/LinucxMD/node_modules/@adiwajshing/baileys/lib/Utils/messages.js:168:13
    at async prepareWAMessageMedia (/root/LinucxMD/node_modules/@adiwajshing/baileys/lib/Utils/messages.js:124:40)
    at async generateWAMessageContent (/root/LinucxMD/node_modules/@adiwajshing/baileys/lib/Utils/messages.js:369:13)
    at async generateWAMessage (/root/LinucxMD/node_modules/@adiwajshing/baileys/lib/Utils/messages.js:515:59)
    at async Object.sendMessage (/root/LinucxMD/node_modules/@adiwajshing/baileys/lib/Socket/messages-send.js:617:33) {
  errno: -2,
  code: 'ENOENT',
  syscall: 'unlink',
  path: '/tmp/audioBAE5A3C15D2F78D7'
} unhandledRejection
[âœ…RECEIVED] uptime
[âœ…RECEIVED] uptime
[âœ…RECEIVED] uptime
[âœ…RECEIVED] uptime
[âœ…RECEIVED] uptime
[âœ…RECEIVED] uptime
[âœ…RECEIVED] uptime
[âœ…RECEIVED] uptime
[âœ…RECEIVED] uptime
[âœ…RECEIVED] uptime
[âœ…RECEIVED] uptime
[âœ…RECEIVED] uptime
